<?xml version="1.0" encoding="UTF-8"?>
<!-- Generated by org.testng.reporters.JUnitReportReporter -->
<testsuite hostname="DIVRAJ-2004" failures="0" tests="1" name="com.testsfind.LoginTest" time="7.619" errors="0" timestamp="2025-03-24T16:41:28 IST" skipped="0">
  <testcase classname="com.testsfind.LoginTest" name="loginTest" time="7.619"/>
</testsuite> <!-- com.testsfind.LoginTest -->
