<?xml version="1.0" encoding="UTF-8"?>
<!-- Generated by org.testng.reporters.JUnitReportReporter -->
<testsuite hostname="DIVRAJ-2004" failures="0" tests="1" name="com.tests.DashBoardTest" time="4.067" errors="0" timestamp="2025-03-24T15:20:38 IST" skipped="0">
  <testcase classname="com.tests.DashBoardTest" name="DashBoardtest" time="4.067"/>
</testsuite> <!-- com.tests.DashBoardTest -->
