<?xml version="1.0" encoding="UTF-8"?>
<!-- Generated by org.testng.reporters.JUnitReportReporter -->
<testsuite hostname="DIVRAJ-2004" failures="0" tests="3" name="DataProviders.DP2503" time="24.098" errors="0" timestamp="2025-03-25T19:48:42 IST" skipped="0">
  <testcase classname="DataProviders.DP2503" name="search" time="8.146"/>
  <testcase classname="DataProviders.DP2503" name="search" time="8.007"/>
  <testcase classname="DataProviders.DP2503" name="search" time="7.945"/>
</testsuite> <!-- DataProviders.DP2503 -->
