<?xml version="1.0" encoding="UTF-8"?>
<!-- Generated by org.testng.reporters.JUnitReportReporter -->
<testsuite hostname="DIVRAJ-2004" failures="0" tests="2" name="DataProviders.DataProviderStart2503" time="5.148" errors="0" timestamp="2025-03-25T20:06:06 IST" skipped="0">
  <testcase classname="DataProviders.DataProviderStart2503" name="search" time="2.841"/>
  <testcase classname="DataProviders.DataProviderStart2503" name="search" time="2.307"/>
</testsuite> <!-- DataProviders.DataProviderStart2503 -->
