<?xml version="1.0" encoding="UTF-8"?>
<!-- Generated by org.testng.reporters.JUnitReportReporter -->
<testsuite hostname="DIVRAJ-2004" failures="0" tests="2" name="DataProviders.DataProviderStart2503" time="6.364" errors="0" timestamp="2025-03-25T11:52:02 IST" skipped="0">
  <testcase classname="DataProviders.DataProviderStart2503" name="search" time="2.927"/>
  <testcase classname="DataProviders.DataProviderStart2503" name="search" time="3.437"/>
</testsuite> <!-- DataProviders.DataProviderStart2503 -->
