<?xml version="1.0" encoding="UTF-8"?>
<!-- Generated by org.testng.reporters.JUnitReportReporter -->
<testsuite hostname="DIVRAJ-2004" failures="0" tests="1" name="Test1.Tutorialsninja2003" time="4.618" errors="0" timestamp="2025-03-21T12:26:31 IST" skipped="0">
  <testcase classname="Test1.Tutorialsninja2003" name="testingninja" time="4.618"/>
</testsuite> <!-- Test1.Tutorialsninja2003 -->
