<?xml version="1.0" encoding="UTF-8"?>
<!-- Generated by org.testng.reporters.JUnitReportReporter -->
<testsuite hostname="DIVRAJ-2004" failures="0" tests="1" name="Test1.POMBasics" time="3.147" errors="0" timestamp="2025-03-24T11:59:19 IST" skipped="0">
  <testcase classname="Test1.POMBasics" name="googleSearchTest" time="3.147"/>
</testsuite> <!-- Test1.POMBasics -->
