<?xml version="1.0" encoding="UTF-8"?>
<!-- Generated by org.testng.reporters.JUnitReportReporter -->
<testsuite hostname="DIVRAJ-2004" failures="0" tests="2" name="DataProviders.DP2503" time="11.627" errors="0" timestamp="2025-03-25T15:53:26 IST" skipped="0">
  <testcase classname="DataProviders.DP2503" name="search" time="5.924"/>
  <testcase classname="DataProviders.DP2503" name="search" time="5.703"/>
</testsuite> <!-- DataProviders.DP2503 -->
