<?xml version="1.0" encoding="UTF-8"?>
<!-- Generated by org.testng.reporters.JUnitReportReporter -->
<testsuite hostname="DIVRAJ-2004" failures="0" tests="2" name="Test1.HardAssert2003" time="4.262" errors="0" timestamp="2025-03-21T12:26:31 IST" skipped="0">
  <testcase classname="Test1.HardAssert2003" name="test1" time="2.819"/>
  <testcase classname="Test1.HardAssert2003" name="testingninja" time="1.443"/>
</testsuite> <!-- Test1.HardAssert2003 -->
