<?xml version="1.0" encoding="UTF-8"?>
<!-- Generated by org.testng.reporters.JUnitReportReporter -->
<testsuite hostname="DIVRAJ-2004" failures="0" tests="1" name="com.pages.Dashboardpage" time="0.009" errors="0" timestamp="2025-03-24T13:07:44 IST" skipped="0">
  <testcase classname="com.pages.Dashboardpage" name="f" time="0.009"/>
</testsuite> <!-- com.pages.Dashboardpage -->
