<?xml version="1.0" encoding="UTF-8"?>
<!-- Generated by org.testng.reporters.JUnitReportReporter -->
<testsuite hostname="DIVRAJ-2004" failures="0" tests="1" name="com.tests.BaseTest" time="0.009" errors="0" timestamp="2025-03-24T12:35:38 IST" skipped="0">
  <testcase classname="com.tests.BaseTest" name="f" time="0.009"/>
</testsuite> <!-- com.tests.BaseTest -->
